#
# A fatal error has been detected by the Java Runtime Environment:
#
#  SIGFPE (0x8) at pc=0x00007ff95cd6fab8, pid=25423, tid=140710080657152
#
# JRE version: OpenJDK Runtime Environment (7.0_55-b14) (build 1.7.0_55-b14)
# Java VM: OpenJDK 64-Bit Server VM (24.51-b03 mixed mode linux-amd64 compressed oops)
# Problematic frame:
# C  [swrast_dri.so+0x270ab8]  __printf_chk+0x270ab8
#
# Failed to write core dump. Core dumps have been disabled. To enable core dumping, try "ulimit -c unlimited" before starting Java again
#
# If you would like to submit a bug report, please include
# instructions on how to reproduce the bug and visit:
#   http://icedtea.classpath.org/bugzilla
# The crash happened outside the Java Virtual Machine in native code.
# See problematic frame for where to report the bug.
#

---------------  T H R E A D  ---------------

Current thread (0x00007ff99800b000):  JavaThread "main" [_thread_in_native, id=25427, stack(0x00007ff99e4fb000,0x00007ff99e5fc000)]

siginfo:si_signo=SIGFPE: si_errno=0, si_code=1 (FPE_INTDIV), si_addr=0x00007ff95cd6fab8

Registers:
RAX=0x0000000040000000, RBX=0x0000000000000000, RCX=0x0000000000000000, RDX=0x0000000000000000
RSP=0x00007ff99e5fa030, RBP=0x0000000000000000, RSI=0x0000000000000001, RDI=0x0000000040000000
R8 =0x00000000fffffffc, R9 =0x00007ff998000078, R10=0x0000000000000010, R11=0x00007ff998000000
R12=0x0000000000000001, R13=0x00007ff9982eeb60, R14=0x0000000000000000, R15=0x00007ff9982eeb60
RIP=0x00007ff95cd6fab8, EFLAGS=0x0000000000010246, CSGSFS=0x0000000000000033, ERR=0x0000000000000000
  TRAPNO=0x0000000000000000

Top of Stack: (sp=0x00007ff99e5fa030)
0x00007ff99e5fa030:   000000000004d9b0 0000000400000000
0x00007ff99e5fa040:   0000000000000000 0000000100000004
0x00007ff99e5fa050:   00007ff99864d1e4 00007ff9982eeb60
0x00007ff99e5fa060:   00007ff99e5fa100 00007ff9982fe900
0x00007ff99e5fa070:   00007ff998674d60 00007ff99e5fa0f8
0x00007ff99e5fa080:   00007ff99864d1e4 00007ff95cd6fea8
0x00007ff99e5fa090:   00007ff99864d248 0000000000000000
0x00007ff99e5fa0a0:   0000000000000000 000000770000006e
0x00007ff99e5fa0b0:   0000000000000000 0000000000000000
0x00007ff99e5fa0c0:   00007ff99864d1e8 00007ff95cd20053
0x00007ff99e5fa0d0:   00007ff9982fe800 00007ff99e5fa0fc
0x00007ff99e5fa0e0:   00007ff99e5fa100 0000000400000002
0x00007ff99e5fa0f0:   0000005d9e5fa120 0000000100000015
0x00007ff99e5fa100:   0000000000000000 0000000000000000
0x00007ff99e5fa110:   0000001500000002 0000000000000000
0x00007ff99e5fa120:   0000000100000001 0000000100000000
0x00007ff99e5fa130:   0000000000000000 00007ff95cbcb83e
0x00007ff99e5fa140:   00007ff900000000 0000000000000012
0x00007ff99e5fa150:   0000000000000000 00007ff998674d60
0x00007ff99e5fa160:   00007ff99864d1e0 00007ff998674e88
0x00007ff99e5fa170:   0000000000000001 00007ff95cd1f278
0x00007ff99e5fa180:   00007ff99831dd20 00007ff9982fe800
0x00007ff99e5fa190:   01007ff900000002 00007ff99e5fa230
0x00007ff99e5fa1a0:   00007ff900000000 00007ff99e5fa230
0x00007ff99e5fa1b0:   00007ff998585be0 0000000000000001
0x00007ff99e5fa1c0:   00007ff99864d1e0 00007ff9982d1700
0x00007ff99e5fa1d0:   00007ff99864cd90 00007ff95cc6cf9e
0x00007ff99e5fa1e0:   0000000100000001 0000010000000000
0x00007ff99e5fa1f0:   0000000800000008 0000000000000008
0x00007ff99e5fa200:   0000000000000000 0000000000000000
0x00007ff99e5fa210:   0000000000000018 0000000000000000
0x00007ff99e5fa220:   0000000000000000 0000000000000018 

Instructions: (pc=0x00007ff95cd6fab8)
0x00007ff95cd6fa98:   10 48 8b 05 d8 c4 2c 00 8b 40 08 8d 4c 10 ff f7
0x00007ff95cd6faa8:   d8 21 c1 41 89 4d 38 bf 00 00 00 40 31 d2 89 f8
0x00007ff95cd6fab8:   f7 74 24 08 39 c8 0f 82 1c 01 00 00 0f af 4c 24
0x00007ff95cd6fac8:   08 41 89 4d 70 41 8b 47 10 83 f8 04 0f 84 e6 00 

Register to memory mapping:

RAX=0x0000000040000000 is an unknown value
RBX=0x0000000000000000 is an unknown value
RCX=0x0000000000000000 is an unknown value
RDX=0x0000000000000000 is an unknown value
RSP=0x00007ff99e5fa030 is pointing into the stack for thread: 0x00007ff99800b000
RBP=0x0000000000000000 is an unknown value
RSI=0x0000000000000001 is an unknown value
RDI=0x0000000040000000 is an unknown value
R8 =0x00000000fffffffc is an unallocated location in the heap
R9 =0x00007ff998000078 is an unknown value
R10=0x0000000000000010 is an unknown value
R11=0x00007ff998000000 is an unknown value
R12=0x0000000000000001 is an unknown value
R13=0x00007ff9982eeb60 is an unknown value
R14=0x0000000000000000 is an unknown value
R15=0x00007ff9982eeb60 is an unknown value


Stack: [0x00007ff99e4fb000,0x00007ff99e5fc000],  sp=0x00007ff99e5fa030,  free space=1020k
Native frames: (J=compiled Java code, j=interpreted, Vv=VM code, C=native code)
C  [swrast_dri.so+0x270ab8]  __printf_chk+0x270ab8
